<?xml version="1.0" encoding="UTF-8"?>
<!-- Generated by org.testng.reporters.JUnitReportReporter -->
<testsuite hostname="DESKTOP-RI4MVG6" failures="0" tests="6" name="testNGDemo.NewTest" time="11.599" errors="0" timestamp="2024-07-05T10:14:25 IST" skipped="0">
  <testcase classname="testNGDemo.NewTest" name="redmine" time="3.702"/>
  <system-out/>
  <testcase classname="testNGDemo.NewTest" name="selenium" time="1.130"/>
  <system-out/>
  <testcase classname="testNGDemo.NewTest" name="google" time="0.808"/>
  <system-out/>
  <testcase classname="testNGDemo.NewTest" name="facebook" time="0.870"/>
  <system-out/>
  <testcase classname="testNGDemo.NewTest" name="gmail" time="1.348"/>
  <system-out/>
  <testcase classname="testNGDemo.NewTest" name="twitter" time="3.741"/>
  <system-out/>
</testsuite> <!-- testNGDemo.NewTest -->
